# JRE version: Java(TM) SE Runtime Environment (7.0_40-b43) (build 1.7.0_40-b43)
# Java VM: Java HotSpot(TM) 64-Bit Server VM (24.0-b56 mixed mode linux-amd64 compressed oops)
Heap
 PSYoungGen      total 112640K, used 58590K [0x00000000d8a80000, 0x00000000e8200000, 0x0000000100000000)
  eden space 111616K, 51% used [0x00000000d8a80000,0x00000000dc317828,0x00000000df780000)
  from space 1024K, 62% used [0x00000000e8100000,0x00000000e81a0000,0x00000000e8200000)
  to   space 27136K, 0% used [0x00000000e4d00000,0x00000000e4d00000,0x00000000e6780000)
 ParOldGen       total 80384K, used 36271K [0x000000008a000000, 0x000000008ee80000, 0x00000000d8a80000)
  object space 80384K, 45% used [0x000000008a000000,0x000000008c36bed0,0x000000008ee80000)
 PSPermGen       total 21504K, used 17530K [0x0000000084e00000, 0x0000000086300000, 0x000000008a000000)
  object space 21504K, 81% used [0x0000000084e00000,0x0000000085f1e808,0x0000000086300000)
GC Heap History (10 events):
Event: 435.665 GC heap before
{Heap before GC invocations=6 (full 0):
 PSYoungGen      total 67072K, used 67042K [0x00000000d8a80000, 0x00000000e4580000, 0x0000000100000000)
  eden space 62464K, 100% used [0x00000000d8a80000,0x00000000dc780000,0x00000000dc780000)
  from space 4608K, 99% used [0x00000000dc780000,0x00000000dcbf8880,0x00000000dcc00000)
  to   space 33280K, 0% used [0x00000000e2500000,0x00000000e2500000,0x00000000e4580000)
 ParOldGen       total 80384K, used 31846K [0x000000008a000000, 0x000000008ee80000, 0x00000000d8a80000)
  object space 80384K, 39% used [0x000000008a000000,0x000000008bf199f0,0x000000008ee80000)
 PSPermGen       total 21504K, used 17393K [0x0000000084e00000, 0x0000000086300000, 0x000000008a000000)
  object space 21504K, 80% used [0x0000000084e00000,0x0000000085efc558,0x0000000086300000)
Event: 435.675 GC heap after
Heap after GC invocations=6 (full 0):
 PSYoungGen      total 154112K, used 4802K [0x00000000d8a80000, 0x00000000e4180000, 0x0000000100000000)
  eden space 124928K, 0% used [0x00000000d8a80000,0x00000000d8a80000,0x00000000e0480000)
  from space 29184K, 16% used [0x00000000e2500000,0x00000000e29b08a0,0x00000000e4180000)
  to   space 31232K, 0% used [0x00000000e0480000,0x00000000e0480000,0x00000000e2300000)
 ParOldGen       total 80384K, used 31846K [0x000000008a000000, 0x000000008ee80000, 0x00000000d8a80000)
  object space 80384K, 39% used [0x000000008a000000,0x000000008bf199f0,0x000000008ee80000)
 PSPermGen       total 21504K, used 17393K [0x0000000084e00000, 0x0000000086300000, 0x000000008a000000)
  object space 21504K, 80% used [0x0000000084e00000,0x0000000085efc558,0x0000000086300000)
}
Event: 749.047 GC heap before
{Heap before GC invocations=7 (full 0):
 PSYoungGen      total 154112K, used 129730K [0x00000000d8a80000, 0x00000000e4180000, 0x0000000100000000)
  eden space 124928K, 100% used [0x00000000d8a80000,0x00000000e0480000,0x00000000e0480000)
  from space 29184K, 16% used [0x00000000e2500000,0x00000000e29b08a0,0x00000000e4180000)
  to   space 31232K, 0% used [0x00000000e0480000,0x00000000e0480000,0x00000000e2300000)
 ParOldGen       total 80384K, used 31846K [0x000000008a000000, 0x000000008ee80000, 0x00000000d8a80000)
  object space 80384K, 39% used [0x000000008a000000,0x000000008bf199f0,0x000000008ee80000)
 PSPermGen       total 21504K, used 17393K [0x0000000084e00000, 0x0000000086300000, 0x000000008a000000)
  object space 21504K, 80% used [0x0000000084e00000,0x0000000085efc620,0x0000000086300000)
Event: 749.070 GC heap after
Heap after GC invocations=7 (full 0):
 PSYoungGen      total 156160K, used 832K [0x00000000d8a80000, 0x00000000eb980000, 0x0000000100000000)
  eden space 124928K, 0% used [0x00000000d8a80000,0x00000000d8a80000,0x00000000e0480000)
  from space 31232K, 2% used [0x00000000e0480000,0x00000000e0550010,0x00000000e2300000)
  to   space 30208K, 0% used [0x00000000e9c00000,0x00000000e9c00000,0x00000000eb980000)
 ParOldGen       total 80384K, used 36039K [0x000000008a000000, 0x000000008ee80000, 0x00000000d8a80000)
  object space 80384K, 44% used [0x000000008a000000,0x000000008c331ec0,0x000000008ee80000)
 PSPermGen       total 21504K, used 17393K [0x0000000084e00000, 0x0000000086300000, 0x000000008a000000)
  object space 21504K, 80% used [0x0000000084e00000,0x0000000085efc620,0x0000000086300000)
}
Event: 1074.618 GC heap before
{Heap before GC invocations=8 (full 0):
 PSYoungGen      total 156160K, used 125760K [0x00000000d8a80000, 0x00000000eb980000, 0x0000000100000000)
  eden space 124928K, 100% used [0x00000000d8a80000,0x00000000e0480000,0x00000000e0480000)
  from space 31232K, 2% used [0x00000000e0480000,0x00000000e0550010,0x00000000e2300000)
  to   space 30208K, 0% used [0x00000000e9c00000,0x00000000e9c00000,0x00000000eb980000)
 ParOldGen       total 80384K, used 36039K [0x000000008a000000, 0x000000008ee80000, 0x00000000d8a80000)
  object space 80384K, 44% used [0x000000008a000000,0x000000008c331ec0,0x000000008ee80000)
 PSPermGen       total 21504K, used 17393K [0x0000000084e00000, 0x0000000086300000, 0x000000008a000000)
  object space 21504K, 80% used [0x0000000084e00000,0x0000000085efc6a0,0x0000000086300000)
Event: 1074.629 GC heap after
Heap after GC invocations=8 (full 0):
 PSYoungGen      total 121344K, used 704K [0x00000000d8a80000, 0x00000000e9d00000, 0x0000000100000000)
  eden space 120320K, 0% used [0x00000000d8a80000,0x00000000d8a80000,0x00000000e0000000)
  from space 1024K, 68% used [0x00000000e9c00000,0x00000000e9cb0000,0x00000000e9d00000)
  to   space 29184K, 0% used [0x00000000e6400000,0x00000000e6400000,0x00000000e8080000)
 ParOldGen       total 80384K, used 36239K [0x000000008a000000, 0x000000008ee80000, 0x00000000d8a80000)
  object space 80384K, 45% used [0x000000008a000000,0x000000008c363ed0,0x000000008ee80000)
 PSPermGen       total 21504K, used 17393K [0x0000000084e00000, 0x0000000086300000, 0x000000008a000000)
  object space 21504K, 80% used [0x0000000084e00000,0x0000000085efc6a0,0x0000000086300000)
}
Event: 1403.263 GC heap before
{Heap before GC invocations=9 (full 0):
 PSYoungGen      total 121344K, used 121024K [0x00000000d8a80000, 0x00000000e9d00000, 0x0000000100000000)
  eden space 120320K, 100% used [0x00000000d8a80000,0x00000000e0000000,0x00000000e0000000)
  from space 1024K, 68% used [0x00000000e9c00000,0x00000000e9cb0000,0x00000000e9d00000)
  to   space 29184K, 0% used [0x00000000e6400000,0x00000000e6400000,0x00000000e8080000)
 ParOldGen       total 80384K, used 36239K [0x000000008a000000, 0x000000008ee80000, 0x00000000d8a80000)
  object space 80384K, 45% used [0x000000008a000000,0x000000008c363ed0,0x000000008ee80000)
 PSPermGen       total 21504K, used 17393K [0x0000000084e00000, 0x0000000086300000, 0x000000008a000000)
  object space 21504K, 80% used [0x0000000084e00000,0x0000000085efc6e0,0x0000000086300000)
Event: 1403.281 GC heap after
Heap after GC invocations=9 (full 0):
 PSYoungGen      total 144896K, used 736K [0x00000000d8a80000, 0x00000000e9c80000, 0x0000000100000000)
  eden space 115712K, 0% used [0x00000000d8a80000,0x00000000d8a80000,0x00000000dfb80000)
  from space 29184K, 2% used [0x00000000e6400000,0x00000000e64b8000,0x00000000e8080000)
  to   space 28160K, 0% used [0x00000000e8100000,0x00000000e8100000,0x00000000e9c80000)
 ParOldGen       total 80384K, used 36263K [0x000000008a000000, 0x000000008ee80000, 0x00000000d8a80000)
  object space 80384K, 45% used [0x000000008a000000,0x000000008c369ed0,0x000000008ee80000)
 PSPermGen       total 21504K, used 17393K [0x0000000084e00000, 0x0000000086300000, 0x000000008a000000)
  object space 21504K, 80% used [0x0000000084e00000,0x0000000085efc6e0,0x0000000086300000)
}
Event: 1714.692 GC heap before
{Heap before GC invocations=10 (full 0):
 PSYoungGen      total 144896K, used 116448K [0x00000000d8a80000, 0x00000000e9c80000, 0x0000000100000000)
  eden space 115712K, 100% used [0x00000000d8a80000,0x00000000dfb80000,0x00000000dfb80000)
  from space 29184K, 2% used [0x00000000e6400000,0x00000000e64b8000,0x00000000e8080000)
  to   space 28160K, 0% used [0x00000000e8100000,0x00000000e8100000,0x00000000e9c80000)
 ParOldGen       total 80384K, used 36263K [0x000000008a000000, 0x000000008ee80000, 0x00000000d8a80000)
  object space 80384K, 45% used [0x000000008a000000,0x000000008c369ed0,0x000000008ee80000)
 PSPermGen       total 21504K, used 17396K [0x0000000084e00000, 0x0000000086300000, 0x000000008a000000)
  object space 21504K, 80% used [0x0000000084e00000,0x0000000085efd220,0x0000000086300000)
Event: 1714.706 GC heap after
Heap after GC invocations=10 (full 0):
 PSYoungGen      total 112640K, used 640K [0x00000000d8a80000, 0x00000000e8200000, 0x0000000100000000)
  eden space 111616K, 0% used [0x00000000d8a80000,0x00000000d8a80000,0x00000000df780000)
  from space 1024K, 62% used [0x00000000e8100000,0x00000000e81a0000,0x00000000e8200000)
  to   space 27136K, 0% used [0x00000000e4d00000,0x00000000e4d00000,0x00000000e6780000)
 ParOldGen       total 80384K, used 36271K [0x000000008a000000, 0x000000008ee80000, 0x00000000d8a80000)
  object space 80384K, 45% used [0x000000008a000000,0x000000008c36bed0,0x000000008ee80000)
 PSPermGen       total 21504K, used 17396K [0x0000000084e00000, 0x0000000086300000, 0x000000008a000000)
  object space 21504K, 80% used [0x0000000084e00000,0x0000000085efd220,0x0000000086300000)
}

